<?xml version="1.0" encoding="UTF-8"?>
<!-- Generated by org.testng.reporters.JUnitReportReporter -->
<testsuite hostname="babacar-HP-15-Notebook-PC" failures="0" tests="4" name="laposte.com.test.TestGithub" time="58.190" errors="0" timestamp="2021-06-05T21:16:43 CEST" skipped="0">
  <testcase classname="laposte.com.test.TestGithub" name="testLogin" time="8.269"/>
  <system-out/>
  <testcase classname="laposte.com.test.TestGithub" name="testAddMe" time="17.283"/>
  <system-out/>
  <testcase classname="laposte.com.test.TestGithub" name="testDownLoadRepo" time="15.761"/>
  <system-out/>
  <testcase classname="laposte.com.test.TestGithub" name="testDeconnexion" time="16.877"/>
  <system-out/>
</testsuite> <!-- laposte.com.test.TestGithub -->
